Analysis & Synthesis report for MicroprocessorProject
Wed Jan 10 20:03:01 2024
Quartus II 64-Bit Version 13.1.0 Build 162 10/23/2013 SJ Web Edition


---------------------
; Table of Contents ;
---------------------
  1. Legal Notice
  2. Analysis & Synthesis Summary
  3. Analysis & Synthesis Settings
  4. Parallel Compilation
  5. Analysis & Synthesis Source Files Read
  6. Analysis & Synthesis Resource Usage Summary
  7. Analysis & Synthesis Resource Utilization by Entity
  8. Registers Removed During Synthesis
  9. General Register Statistics
 10. Inverted Register Statistics
 11. Multiplexer Restructuring Statistics (Restructuring Performed)
 12. Elapsed Time Per Partition
 13. Analysis & Synthesis Messages



----------------
; Legal Notice ;
----------------
Copyright (C) 1991-2013 Altera Corporation
Your use of Altera Corporation's design tools, logic functions 
and other software and tools, and its AMPP partner logic 
functions, and any output files from any of the foregoing 
(including device programming or simulation files), and any 
associated documentation or information are expressly subject 
to the terms and conditions of the Altera Program License 
Subscription Agreement, Altera MegaCore Function License 
Agreement, or other applicable license agreement, including, 
without limitation, that your use is for the sole purpose of 
programming logic devices manufactured by Altera and sold by 
Altera or its authorized distributors.  Please refer to the 
applicable agreement for further details.



+---------------------------------------------------------------------------------+
; Analysis & Synthesis Summary                                                    ;
+------------------------------------+--------------------------------------------+
; Analysis & Synthesis Status        ; Successful - Wed Jan 10 20:03:01 2024      ;
; Quartus II 64-Bit Version          ; 13.1.0 Build 162 10/23/2013 SJ Web Edition ;
; Revision Name                      ; MicroprocessorProject                      ;
; Top-level Entity Name              ; main_module                                ;
; Family                             ; Cyclone IV E                               ;
; Total logic elements               ; 7,833                                      ;
;     Total combinational functions  ; 4,099                                      ;
;     Dedicated logic registers      ; 4,297                                      ;
; Total registers                    ; 4297                                       ;
; Total pins                         ; 14                                         ;
; Total virtual pins                 ; 0                                          ;
; Total memory bits                  ; 0                                          ;
; Embedded Multiplier 9-bit elements ; 0                                          ;
; Total PLLs                         ; 0                                          ;
+------------------------------------+--------------------------------------------+


+-------------------------------------------------------------------------------------------------------------------------+
; Analysis & Synthesis Settings                                                                                           ;
+----------------------------------------------------------------------------+--------------------+-----------------------+
; Option                                                                     ; Setting            ; Default Value         ;
+----------------------------------------------------------------------------+--------------------+-----------------------+
; Device                                                                     ; EP4CE22F17C6       ;                       ;
; Top-level entity name                                                      ; main_module        ; MicroprocessorProject ;
; Family name                                                                ; Cyclone IV E       ; Cyclone IV GX         ;
; Use smart compilation                                                      ; Off                ; Off                   ;
; Enable parallel Assembler and TimeQuest Timing Analyzer during compilation ; On                 ; On                    ;
; Enable compact report table                                                ; Off                ; Off                   ;
; Restructure Multiplexers                                                   ; Auto               ; Auto                  ;
; Create Debugging Nodes for IP Cores                                        ; Off                ; Off                   ;
; Preserve fewer node names                                                  ; On                 ; On                    ;
; Disable OpenCore Plus hardware evaluation                                  ; Off                ; Off                   ;
; Verilog Version                                                            ; Verilog_2001       ; Verilog_2001          ;
; VHDL Version                                                               ; VHDL_1993          ; VHDL_1993             ;
; State Machine Processing                                                   ; Auto               ; Auto                  ;
; Safe State Machine                                                         ; Off                ; Off                   ;
; Extract Verilog State Machines                                             ; On                 ; On                    ;
; Extract VHDL State Machines                                                ; On                 ; On                    ;
; Ignore Verilog initial constructs                                          ; Off                ; Off                   ;
; Iteration limit for constant Verilog loops                                 ; 5000               ; 5000                  ;
; Iteration limit for non-constant Verilog loops                             ; 250                ; 250                   ;
; Add Pass-Through Logic to Inferred RAMs                                    ; On                 ; On                    ;
; Infer RAMs from Raw Logic                                                  ; On                 ; On                    ;
; Parallel Synthesis                                                         ; On                 ; On                    ;
; DSP Block Balancing                                                        ; Auto               ; Auto                  ;
; NOT Gate Push-Back                                                         ; On                 ; On                    ;
; Power-Up Don't Care                                                        ; On                 ; On                    ;
; Remove Redundant Logic Cells                                               ; Off                ; Off                   ;
; Remove Duplicate Registers                                                 ; On                 ; On                    ;
; Ignore CARRY Buffers                                                       ; Off                ; Off                   ;
; Ignore CASCADE Buffers                                                     ; Off                ; Off                   ;
; Ignore GLOBAL Buffers                                                      ; Off                ; Off                   ;
; Ignore ROW GLOBAL Buffers                                                  ; Off                ; Off                   ;
; Ignore LCELL Buffers                                                       ; Off                ; Off                   ;
; Ignore SOFT Buffers                                                        ; On                 ; On                    ;
; Limit AHDL Integers to 32 Bits                                             ; Off                ; Off                   ;
; Optimization Technique                                                     ; Balanced           ; Balanced              ;
; Carry Chain Length                                                         ; 70                 ; 70                    ;
; Auto Carry Chains                                                          ; On                 ; On                    ;
; Auto Open-Drain Pins                                                       ; On                 ; On                    ;
; Perform WYSIWYG Primitive Resynthesis                                      ; Off                ; Off                   ;
; Auto ROM Replacement                                                       ; On                 ; On                    ;
; Auto RAM Replacement                                                       ; On                 ; On                    ;
; Auto DSP Block Replacement                                                 ; On                 ; On                    ;
; Auto Shift Register Replacement                                            ; Auto               ; Auto                  ;
; Allow Shift Register Merging across Hierarchies                            ; Auto               ; Auto                  ;
; Auto Clock Enable Replacement                                              ; On                 ; On                    ;
; Strict RAM Replacement                                                     ; Off                ; Off                   ;
; Allow Synchronous Control Signals                                          ; On                 ; On                    ;
; Force Use of Synchronous Clear Signals                                     ; Off                ; Off                   ;
; Auto RAM Block Balancing                                                   ; On                 ; On                    ;
; Auto RAM to Logic Cell Conversion                                          ; Off                ; Off                   ;
; Auto Resource Sharing                                                      ; Off                ; Off                   ;
; Allow Any RAM Size For Recognition                                         ; Off                ; Off                   ;
; Allow Any ROM Size For Recognition                                         ; Off                ; Off                   ;
; Allow Any Shift Register Size For Recognition                              ; Off                ; Off                   ;
; Use LogicLock Constraints during Resource Balancing                        ; On                 ; On                    ;
; Ignore translate_off and synthesis_off directives                          ; Off                ; Off                   ;
; Timing-Driven Synthesis                                                    ; On                 ; On                    ;
; Report Parameter Settings                                                  ; On                 ; On                    ;
; Report Source Assignments                                                  ; On                 ; On                    ;
; Report Connectivity Checks                                                 ; On                 ; On                    ;
; Ignore Maximum Fan-Out Assignments                                         ; Off                ; Off                   ;
; Synchronization Register Chain Length                                      ; 2                  ; 2                     ;
; PowerPlay Power Optimization                                               ; Normal compilation ; Normal compilation    ;
; HDL message level                                                          ; Level2             ; Level2                ;
; Suppress Register Optimization Related Messages                            ; Off                ; Off                   ;
; Number of Removed Registers Reported in Synthesis Report                   ; 5000               ; 5000                  ;
; Number of Swept Nodes Reported in Synthesis Report                         ; 5000               ; 5000                  ;
; Number of Inverted Registers Reported in Synthesis Report                  ; 100                ; 100                   ;
; Clock MUX Protection                                                       ; On                 ; On                    ;
; Auto Gated Clock Conversion                                                ; Off                ; Off                   ;
; Block Design Naming                                                        ; Auto               ; Auto                  ;
; SDC constraint protection                                                  ; Off                ; Off                   ;
; Synthesis Effort                                                           ; Auto               ; Auto                  ;
; Shift Register Replacement - Allow Asynchronous Clear Signal               ; On                 ; On                    ;
; Pre-Mapping Resynthesis Optimization                                       ; Off                ; Off                   ;
; Analysis & Synthesis Message Level                                         ; Medium             ; Medium                ;
; Disable Register Merging Across Hierarchies                                ; Auto               ; Auto                  ;
; Resource Aware Inference For Block RAM                                     ; On                 ; On                    ;
; Synthesis Seed                                                             ; 1                  ; 1                     ;
+----------------------------------------------------------------------------+--------------------+-----------------------+


Parallel compilation was disabled, but you have multiple processors available. Enable parallel compilation to reduce compilation time.
+-------------------------------------+
; Parallel Compilation                ;
+----------------------------+--------+
; Processors                 ; Number ;
+----------------------------+--------+
; Number detected on machine ; 12     ;
; Maximum allowed            ; 1      ;
+----------------------------+--------+


+-------------------------------------------------------------------------------------------------------------------------------------------------------------------------------------------+
; Analysis & Synthesis Source Files Read                                                                                                                                                    ;
+----------------------------------+-----------------+------------------------------+---------------------------------------------------------------------------------------------+---------+
; File Name with User-Entered Path ; Used in Netlist ; File Type                    ; File Name with Absolute Path                                                                ; Library ;
+----------------------------------+-----------------+------------------------------+---------------------------------------------------------------------------------------------+---------+
; bird.sv                          ; yes             ; User SystemVerilog HDL File  ; C:/Users/srknk/OneDrive/Belgeler/Visual Studio Code/Microprocessors/Quartus/bird.sv         ;         ;
; main_module.sv                   ; yes             ; User SystemVerilog HDL File  ; C:/Users/srknk/OneDrive/Belgeler/Visual Studio Code/Microprocessors/Quartus/main_module.sv  ;         ;
; sevensegment.sv                  ; yes             ; User SystemVerilog HDL File  ; C:/Users/srknk/OneDrive/Belgeler/Visual Studio Code/Microprocessors/Quartus/sevensegment.sv ;         ;
; button_poll.sv                   ; yes             ; User SystemVerilog HDL File  ; C:/Users/srknk/OneDrive/Belgeler/Visual Studio Code/Microprocessors/Quartus/button_poll.sv  ;         ;
; ram.dat                          ; yes             ; Auto-Found Unspecified File  ; C:/Users/srknk/OneDrive/Belgeler/Visual Studio Code/Microprocessors/Quartus/ram.dat         ;         ;
+----------------------------------+-----------------+------------------------------+---------------------------------------------------------------------------------------------+---------+


+---------------------------------------------------------+
; Analysis & Synthesis Resource Usage Summary             ;
+---------------------------------------------+-----------+
; Resource                                    ; Usage     ;
+---------------------------------------------+-----------+
; Estimated Total logic elements              ; 7,833     ;
;                                             ;           ;
; Total combinational functions               ; 4099      ;
; Logic element usage by number of LUT inputs ;           ;
;     -- 4 input functions                    ; 3406      ;
;     -- 3 input functions                    ; 182       ;
;     -- <=2 input functions                  ; 511       ;
;                                             ;           ;
; Logic elements by mode                      ;           ;
;     -- normal mode                          ; 4032      ;
;     -- arithmetic mode                      ; 67        ;
;                                             ;           ;
; Total registers                             ; 4297      ;
;     -- Dedicated logic registers            ; 4297      ;
;     -- I/O registers                        ; 0         ;
;                                             ;           ;
; I/O pins                                    ; 14        ;
; Embedded Multiplier 9-bit elements          ; 0         ;
; Maximum fan-out node                        ; clk~input ;
; Maximum fan-out                             ; 4291      ;
; Total fan-out                               ; 27661     ;
; Average fan-out                             ; 3.28      ;
+---------------------------------------------+-----------+


+-------------------------------------------------------------------------------------------------------------------------------------------------------------------------------------------+
; Analysis & Synthesis Resource Utilization by Entity                                                                                                                                       ;
+----------------------------+-------------------+--------------+-------------+--------------+---------+-----------+------+--------------+-----------------------------------+--------------+
; Compilation Hierarchy Node ; LC Combinationals ; LC Registers ; Memory Bits ; DSP Elements ; DSP 9x9 ; DSP 18x18 ; Pins ; Virtual Pins ; Full Hierarchy Name               ; Library Name ;
+----------------------------+-------------------+--------------+-------------+--------------+---------+-----------+------+--------------+-----------------------------------+--------------+
; |main_module               ; 4099 (3499)       ; 4297 (4112)  ; 0           ; 0            ; 0       ; 0         ; 14   ; 0            ; |main_module                      ; work         ;
;    |bird:br1|              ; 561 (561)         ; 157 (157)    ; 0           ; 0            ; 0       ; 0         ; 0    ; 0            ; |main_module|bird:br1             ; work         ;
;    |button_poll:btnleft|   ; 2 (2)             ; 3 (3)        ; 0           ; 0            ; 0       ; 0         ; 0    ; 0            ; |main_module|button_poll:btnleft  ; work         ;
;    |button_poll:btnright|  ; 2 (2)             ; 3 (3)        ; 0           ; 0            ; 0       ; 0         ; 0    ; 0            ; |main_module|button_poll:btnright ; work         ;
;    |sevensegment:ss1|      ; 35 (35)           ; 22 (22)      ; 0           ; 0            ; 0       ; 0         ; 0    ; 0            ; |main_module|sevensegment:ss1     ; work         ;
+----------------------------+-------------------+--------------+-------------+--------------+---------+-----------+------+--------------+-----------------------------------+--------------+
Note: For table entries with two numbers listed, the numbers in parentheses indicate the number of resources of the given type used by the specific entity alone. The numbers listed outside of parentheses indicate the total resources of the given type used by the specific entity and all of its sub-entities in the hierarchy.


+-----------------------------------------------------------------------------------------+
; Registers Removed During Synthesis                                                      ;
+----------------------------------------+------------------------------------------------+
; Register name                          ; Reason for Removal                             ;
+----------------------------------------+------------------------------------------------+
; bird:br1|state[4]                      ; Stuck at GND due to stuck port data_in         ;
; button_poll:btnright|data_reg[0]       ; Stuck at VCC due to stuck port data_in         ;
; button_poll:btnright|data_reg[1..3]    ; Stuck at GND due to stuck port data_in         ;
; button_poll:btnright|data_reg[4]       ; Stuck at VCC due to stuck port data_in         ;
; button_poll:btnright|data_reg[5..7]    ; Stuck at GND due to stuck port data_in         ;
; button_poll:btnright|data_reg[8]       ; Stuck at VCC due to stuck port data_in         ;
; button_poll:btnright|data_reg[9..11]   ; Stuck at GND due to stuck port data_in         ;
; button_poll:btnright|data_reg[12]      ; Stuck at VCC due to stuck port data_in         ;
; button_poll:btnright|data_reg[13..15]  ; Stuck at GND due to stuck port data_in         ;
; button_poll:btnleft|data_reg[0]        ; Stuck at VCC due to stuck port data_in         ;
; button_poll:btnleft|data_reg[1..3]     ; Stuck at GND due to stuck port data_in         ;
; button_poll:btnleft|data_reg[4]        ; Stuck at VCC due to stuck port data_in         ;
; button_poll:btnleft|data_reg[5..7]     ; Stuck at GND due to stuck port data_in         ;
; button_poll:btnleft|data_reg[8]        ; Stuck at VCC due to stuck port data_in         ;
; button_poll:btnleft|data_reg[9..11]    ; Stuck at GND due to stuck port data_in         ;
; button_poll:btnleft|data_reg[12]       ; Stuck at VCC due to stuck port data_in         ;
; button_poll:btnleft|data_reg[13..15]   ; Stuck at GND due to stuck port data_in         ;
; button_poll:btnright|status_reg[2..15] ; Merged with button_poll:btnright|status_reg[1] ;
; button_poll:btnleft|status_reg[2..15]  ; Merged with button_poll:btnleft|status_reg[1]  ;
; button_poll:btnright|status_reg[1]     ; Stuck at GND due to stuck port data_in         ;
; button_poll:btnleft|status_reg[1]      ; Stuck at GND due to stuck port data_in         ;
; sevensegment:ss1|clk1[16..25]          ; Lost fanout                                    ;
; Total Number of Removed Registers = 73 ;                                                ;
+----------------------------------------+------------------------------------------------+


+------------------------------------------------------+
; General Register Statistics                          ;
+----------------------------------------------+-------+
; Statistic                                    ; Value ;
+----------------------------------------------+-------+
; Total registers                              ; 4297  ;
; Number of registers using Synchronous Clear  ; 0     ;
; Number of registers using Synchronous Load   ; 28    ;
; Number of registers using Asynchronous Clear ; 0     ;
; Number of registers using Asynchronous Load  ; 0     ;
; Number of registers using Clock Enable       ; 4264  ;
; Number of registers using Preset             ; 0     ;
+----------------------------------------------+-------+


+--------------------------------------------------+
; Inverted Register Statistics                     ;
+----------------------------------------+---------+
; Inverted Register                      ; Fan out ;
+----------------------------------------+---------+
; sevensegment:ss1|grounds[1]            ; 2       ;
; sevensegment:ss1|grounds[2]            ; 2       ;
; sevensegment:ss1|grounds[3]            ; 2       ;
; Total number of inverted registers = 3 ;         ;
+----------------------------------------+---------+


+----------------------------------------------------------------------------------------------------------------------------------------------------+
; Multiplexer Restructuring Statistics (Restructuring Performed)                                                                                     ;
+--------------------+-----------+---------------+----------------------+------------------------+------------+--------------------------------------+
; Multiplexer Inputs ; Bus Width ; Baseline Area ; Area if Restructured ; Saving if Restructured ; Registered ; Example Multiplexer Output           ;
+--------------------+-----------+---------------+----------------------+------------------------+------------+--------------------------------------+
; 17:1               ; 2 bits    ; 22 LEs        ; 12 LEs               ; 10 LEs                 ; Yes        ; |main_module|bird:br1|state[1]       ;
; 17:1               ; 2 bits    ; 22 LEs        ; 14 LEs               ; 8 LEs                  ; Yes        ; |main_module|bird:br1|state[2]       ;
; 16:1               ; 16 bits   ; 160 LEs       ; 16 LEs               ; 144 LEs                ; Yes        ; |main_module|bird:br1|regbank[6][15] ;
; 16:1               ; 16 bits   ; 160 LEs       ; 16 LEs               ; 144 LEs                ; Yes        ; |main_module|bird:br1|regbank[5][13] ;
; 16:1               ; 16 bits   ; 160 LEs       ; 16 LEs               ; 144 LEs                ; Yes        ; |main_module|bird:br1|regbank[4][1]  ;
; 16:1               ; 16 bits   ; 160 LEs       ; 16 LEs               ; 144 LEs                ; Yes        ; |main_module|bird:br1|regbank[3][0]  ;
; 16:1               ; 16 bits   ; 160 LEs       ; 16 LEs               ; 144 LEs                ; Yes        ; |main_module|bird:br1|regbank[2][6]  ;
; 16:1               ; 16 bits   ; 160 LEs       ; 16 LEs               ; 144 LEs                ; Yes        ; |main_module|bird:br1|regbank[1][7]  ;
; 16:1               ; 16 bits   ; 160 LEs       ; 16 LEs               ; 144 LEs                ; Yes        ; |main_module|bird:br1|regbank[0][11] ;
; 11:1               ; 4 bits    ; 28 LEs        ; 8 LEs                ; 20 LEs                 ; Yes        ; |main_module|bird:br1|regbank[7][14] ;
; 10:1               ; 12 bits   ; 72 LEs        ; 24 LEs               ; 48 LEs                 ; Yes        ; |main_module|bird:br1|pc[5]          ;
; 11:1               ; 12 bits   ; 84 LEs        ; 24 LEs               ; 60 LEs                 ; Yes        ; |main_module|bird:br1|regbank[7][3]  ;
; 4:1                ; 4 bits    ; 8 LEs         ; 8 LEs                ; 0 LEs                  ; No         ; |main_module|sevensegment:ss1|Mux0   ;
; 8:1                ; 16 bits   ; 80 LEs        ; 80 LEs               ; 0 LEs                  ; No         ; |main_module|bird:br1|Mux34          ;
; 8:1                ; 16 bits   ; 80 LEs        ; 80 LEs               ; 0 LEs                  ; No         ; |main_module|bird:br1|Mux22          ;
; 4:1                ; 12 bits   ; 24 LEs        ; 24 LEs               ; 0 LEs                  ; No         ; |main_module|bird:br1|Add4           ;
; 4:1                ; 4 bits    ; 8 LEs         ; 8 LEs                ; 0 LEs                  ; No         ; |main_module|bird:br1|Add4           ;
; 7:1                ; 12 bits   ; 48 LEs        ; 24 LEs               ; 24 LEs                 ; No         ; |main_module|bird:br1|Selector128    ;
; 3:1                ; 12 bits   ; 24 LEs        ; 12 LEs               ; 12 LEs                 ; No         ; |main_module|bird:br1|Add4           ;
; 3:1                ; 4 bits    ; 8 LEs         ; 4 LEs                ; 4 LEs                  ; No         ; |main_module|bird:br1|Add4           ;
; 14:1               ; 7 bits    ; 63 LEs        ; 28 LEs               ; 35 LEs                 ; No         ; |main_module|bird:br1|Mux75          ;
; 15:1               ; 4 bits    ; 40 LEs        ; 20 LEs               ; 20 LEs                 ; No         ; |main_module|bird:br1|Mux71          ;
; 16:1               ; 2 bits    ; 20 LEs        ; 12 LEs               ; 8 LEs                  ; No         ; |main_module|bird:br1|Mux67          ;
; 17:1               ; 2 bits    ; 22 LEs        ; 12 LEs               ; 10 LEs                 ; No         ; |main_module|bird:br1|Mux65          ;
+--------------------+-----------+---------------+----------------------+------------------------+------------+--------------------------------------+


+-------------------------------+
; Elapsed Time Per Partition    ;
+----------------+--------------+
; Partition Name ; Elapsed Time ;
+----------------+--------------+
; Top            ; 00:00:13     ;
+----------------+--------------+


+-------------------------------+
; Analysis & Synthesis Messages ;
+-------------------------------+
Info: *******************************************************************
Info: Running Quartus II 64-Bit Analysis & Synthesis
    Info: Version 13.1.0 Build 162 10/23/2013 SJ Web Edition
    Info: Processing started: Wed Jan 10 20:02:45 2024
Info: Command: quartus_map --read_settings_files=on --write_settings_files=off MicroprocessorProject -c MicroprocessorProject
Warning (20028): Parallel compilation is not licensed and has been disabled
Info (12021): Found 1 design units, including 1 entities, in source file bird.sv
    Info (12023): Found entity 1: bird
Info (12021): Found 1 design units, including 1 entities, in source file main_module.sv
    Info (12023): Found entity 1: main_module
Warning (12019): Can't analyze file -- file button.sv is missing
Info (12021): Found 1 design units, including 1 entities, in source file sevensegment.sv
    Info (12023): Found entity 1: sevensegment
Info (12021): Found 1 design units, including 1 entities, in source file button_poll.sv
    Info (12023): Found entity 1: button_poll
Warning (12019): Can't analyze file -- file button_int.sv is missing
Info (12127): Elaborating entity "main_module" for the top level hierarchy
Warning (10850): Verilog HDL warning at main_module.sv(74): number of words (116) in memory file does not match the number of elements in the address range [0:255]
Info (12128): Elaborating entity "sevensegment" for hierarchy "sevensegment:ss1"
Warning (10230): Verilog HDL assignment warning at sevensegment.sv(12): truncated value with size 32 to match size of target (2)
Warning (10230): Verilog HDL assignment warning at sevensegment.sv(15): truncated value with size 32 to match size of target (26)
Info (12128): Elaborating entity "button_poll" for hierarchy "button_poll:btnleft"
Info (12128): Elaborating entity "bird" for hierarchy "bird:br1"
Warning (10230): Verilog HDL assignment warning at bird.sv(43): truncated value with size 32 to match size of target (12)
Warning (10230): Verilog HDL assignment warning at bird.sv(48): truncated value with size 32 to match size of target (12)
Warning (10230): Verilog HDL assignment warning at bird.sv(76): truncated value with size 32 to match size of target (16)
Warning (10230): Verilog HDL assignment warning at bird.sv(81): truncated value with size 32 to match size of target (16)
Warning (10230): Verilog HDL assignment warning at bird.sv(91): truncated value with size 32 to match size of target (16)
Warning (10230): Verilog HDL assignment warning at bird.sv(97): truncated value with size 32 to match size of target (16)
Warning (10230): Verilog HDL assignment warning at bird.sv(136): truncated value with size 32 to match size of target (16)
Warning (10230): Verilog HDL assignment warning at bird.sv(137): truncated value with size 32 to match size of target (16)
Info (276014): Found 1 instances of uninferred RAM logic
    Info (276007): RAM logic "memory" is uninferred due to asynchronous read logic
Warning (127007): Memory Initialization File or Hexadecimal (Intel-Format) File "C:/Users/srknk/OneDrive/Belgeler/Visual Studio Code/Microprocessors/Quartus/db/MicroprocessorProject.ram0_main_module_7115dfaa.hdl.mif" contains "don't care" values -- overwriting them with 0s
Info (286030): Timing-Driven Synthesis is running
Info (17049): 10 registers lost all their fanouts during netlist optimizations.
Info (16010): Generating hard_block partition "hard_block:auto_generated_inst"
    Info (16011): Adding 0 node(s), including 0 DDIO, 0 PLL, 0 transceiver and 0 LCELL
Info (21057): Implemented 7891 device resources after synthesis - the final resource count might be different
    Info (21058): Implemented 3 input pins
    Info (21059): Implemented 11 output pins
    Info (21061): Implemented 7877 logic cells
Info: Quartus II 64-Bit Analysis & Synthesis was successful. 0 errors, 15 warnings
    Info: Peak virtual memory: 4646 megabytes
    Info: Processing ended: Wed Jan 10 20:03:01 2024
    Info: Elapsed time: 00:00:16
    Info: Total CPU time (on all processors): 00:00:16


