Analysis & Synthesis report for MicroprocessorProject
Sat Jan 20 13:42:46 2024
Quartus II 64-Bit Version 13.1.0 Build 162 10/23/2013 SJ Web Edition


---------------------
; Table of Contents ;
---------------------
  1. Legal Notice
  2. Analysis & Synthesis Summary
  3. Analysis & Synthesis Settings
  4. Parallel Compilation
  5. Analysis & Synthesis Source Files Read
  6. Analysis & Synthesis Resource Usage Summary
  7. Analysis & Synthesis Resource Utilization by Entity
  8. State Machine - |main_module|keyboard:kb1|state
  9. Registers Removed During Synthesis
 10. General Register Statistics
 11. Multiplexer Restructuring Statistics (Restructuring Performed)
 12. Port Connectivity Checks: "vga_sync:vga"
 13. Elapsed Time Per Partition
 14. Analysis & Synthesis Messages
 15. Analysis & Synthesis Suppressed Messages



----------------
; Legal Notice ;
----------------
Copyright (C) 1991-2013 Altera Corporation
Your use of Altera Corporation's design tools, logic functions 
and other software and tools, and its AMPP partner logic 
functions, and any output files from any of the foregoing 
(including device programming or simulation files), and any 
associated documentation or information are expressly subject 
to the terms and conditions of the Altera Program License 
Subscription Agreement, Altera MegaCore Function License 
Agreement, or other applicable license agreement, including, 
without limitation, that your use is for the sole purpose of 
programming logic devices manufactured by Altera and sold by 
Altera or its authorized distributors.  Please refer to the 
applicable agreement for further details.



+---------------------------------------------------------------------------------+
; Analysis & Synthesis Summary                                                    ;
+------------------------------------+--------------------------------------------+
; Analysis & Synthesis Status        ; Successful - Sat Jan 20 13:42:46 2024      ;
; Quartus II 64-Bit Version          ; 13.1.0 Build 162 10/23/2013 SJ Web Edition ;
; Revision Name                      ; MicroprocessorProject                      ;
; Top-level Entity Name              ; main_module                                ;
; Family                             ; Cyclone IV E                               ;
; Total logic elements               ; 8,238                                      ;
;     Total combinational functions  ; 4,791                                      ;
;     Dedicated logic registers      ; 4,382                                      ;
; Total registers                    ; 4382                                       ;
; Total pins                         ; 9                                          ;
; Total virtual pins                 ; 0                                          ;
; Total memory bits                  ; 0                                          ;
; Embedded Multiplier 9-bit elements ; 0                                          ;
; Total PLLs                         ; 0                                          ;
+------------------------------------+--------------------------------------------+


+-------------------------------------------------------------------------------------------------------------------------+
; Analysis & Synthesis Settings                                                                                           ;
+----------------------------------------------------------------------------+--------------------+-----------------------+
; Option                                                                     ; Setting            ; Default Value         ;
+----------------------------------------------------------------------------+--------------------+-----------------------+
; Device                                                                     ; EP4CE22F17C6       ;                       ;
; Top-level entity name                                                      ; main_module        ; MicroprocessorProject ;
; Family name                                                                ; Cyclone IV E       ; Cyclone IV GX         ;
; Use smart compilation                                                      ; Off                ; Off                   ;
; Enable parallel Assembler and TimeQuest Timing Analyzer during compilation ; On                 ; On                    ;
; Enable compact report table                                                ; Off                ; Off                   ;
; Restructure Multiplexers                                                   ; Auto               ; Auto                  ;
; Create Debugging Nodes for IP Cores                                        ; Off                ; Off                   ;
; Preserve fewer node names                                                  ; On                 ; On                    ;
; Disable OpenCore Plus hardware evaluation                                  ; Off                ; Off                   ;
; Verilog Version                                                            ; Verilog_2001       ; Verilog_2001          ;
; VHDL Version                                                               ; VHDL_1993          ; VHDL_1993             ;
; State Machine Processing                                                   ; Auto               ; Auto                  ;
; Safe State Machine                                                         ; Off                ; Off                   ;
; Extract Verilog State Machines                                             ; On                 ; On                    ;
; Extract VHDL State Machines                                                ; On                 ; On                    ;
; Ignore Verilog initial constructs                                          ; Off                ; Off                   ;
; Iteration limit for constant Verilog loops                                 ; 5000               ; 5000                  ;
; Iteration limit for non-constant Verilog loops                             ; 250                ; 250                   ;
; Add Pass-Through Logic to Inferred RAMs                                    ; On                 ; On                    ;
; Infer RAMs from Raw Logic                                                  ; On                 ; On                    ;
; Parallel Synthesis                                                         ; On                 ; On                    ;
; DSP Block Balancing                                                        ; Auto               ; Auto                  ;
; NOT Gate Push-Back                                                         ; On                 ; On                    ;
; Power-Up Don't Care                                                        ; On                 ; On                    ;
; Remove Redundant Logic Cells                                               ; Off                ; Off                   ;
; Remove Duplicate Registers                                                 ; On                 ; On                    ;
; Ignore CARRY Buffers                                                       ; Off                ; Off                   ;
; Ignore CASCADE Buffers                                                     ; Off                ; Off                   ;
; Ignore GLOBAL Buffers                                                      ; Off                ; Off                   ;
; Ignore ROW GLOBAL Buffers                                                  ; Off                ; Off                   ;
; Ignore LCELL Buffers                                                       ; Off                ; Off                   ;
; Ignore SOFT Buffers                                                        ; On                 ; On                    ;
; Limit AHDL Integers to 32 Bits                                             ; Off                ; Off                   ;
; Optimization Technique                                                     ; Balanced           ; Balanced              ;
; Carry Chain Length                                                         ; 70                 ; 70                    ;
; Auto Carry Chains                                                          ; On                 ; On                    ;
; Auto Open-Drain Pins                                                       ; On                 ; On                    ;
; Perform WYSIWYG Primitive Resynthesis                                      ; Off                ; Off                   ;
; Auto ROM Replacement                                                       ; On                 ; On                    ;
; Auto RAM Replacement                                                       ; On                 ; On                    ;
; Auto DSP Block Replacement                                                 ; On                 ; On                    ;
; Auto Shift Register Replacement                                            ; Auto               ; Auto                  ;
; Allow Shift Register Merging across Hierarchies                            ; Auto               ; Auto                  ;
; Auto Clock Enable Replacement                                              ; On                 ; On                    ;
; Strict RAM Replacement                                                     ; Off                ; Off                   ;
; Allow Synchronous Control Signals                                          ; On                 ; On                    ;
; Force Use of Synchronous Clear Signals                                     ; Off                ; Off                   ;
; Auto RAM Block Balancing                                                   ; On                 ; On                    ;
; Auto RAM to Logic Cell Conversion                                          ; Off                ; Off                   ;
; Auto Resource Sharing                                                      ; Off                ; Off                   ;
; Allow Any RAM Size For Recognition                                         ; Off                ; Off                   ;
; Allow Any ROM Size For Recognition                                         ; Off                ; Off                   ;
; Allow Any Shift Register Size For Recognition                              ; Off                ; Off                   ;
; Use LogicLock Constraints during Resource Balancing                        ; On                 ; On                    ;
; Ignore translate_off and synthesis_off directives                          ; Off                ; Off                   ;
; Timing-Driven Synthesis                                                    ; On                 ; On                    ;
; Report Parameter Settings                                                  ; On                 ; On                    ;
; Report Source Assignments                                                  ; On                 ; On                    ;
; Report Connectivity Checks                                                 ; On                 ; On                    ;
; Ignore Maximum Fan-Out Assignments                                         ; Off                ; Off                   ;
; Synchronization Register Chain Length                                      ; 2                  ; 2                     ;
; PowerPlay Power Optimization                                               ; Normal compilation ; Normal compilation    ;
; HDL message level                                                          ; Level2             ; Level2                ;
; Suppress Register Optimization Related Messages                            ; Off                ; Off                   ;
; Number of Removed Registers Reported in Synthesis Report                   ; 5000               ; 5000                  ;
; Number of Swept Nodes Reported in Synthesis Report                         ; 5000               ; 5000                  ;
; Number of Inverted Registers Reported in Synthesis Report                  ; 100                ; 100                   ;
; Clock MUX Protection                                                       ; On                 ; On                    ;
; Auto Gated Clock Conversion                                                ; Off                ; Off                   ;
; Block Design Naming                                                        ; Auto               ; Auto                  ;
; SDC constraint protection                                                  ; Off                ; Off                   ;
; Synthesis Effort                                                           ; Auto               ; Auto                  ;
; Shift Register Replacement - Allow Asynchronous Clear Signal               ; On                 ; On                    ;
; Pre-Mapping Resynthesis Optimization                                       ; Off                ; Off                   ;
; Analysis & Synthesis Message Level                                         ; Medium             ; Medium                ;
; Disable Register Merging Across Hierarchies                                ; Auto               ; Auto                  ;
; Resource Aware Inference For Block RAM                                     ; On                 ; On                    ;
; Synthesis Seed                                                             ; 1                  ; 1                     ;
+----------------------------------------------------------------------------+--------------------+-----------------------+


Parallel compilation was disabled, but you have multiple processors available. Enable parallel compilation to reduce compilation time.
+-------------------------------------+
; Parallel Compilation                ;
+----------------------------+--------+
; Processors                 ; Number ;
+----------------------------+--------+
; Number detected on machine ; 6      ;
; Maximum allowed            ; 1      ;
+----------------------------+--------+


+-------------------------------------------------------------------------------------------------------------------------------------------+
; Analysis & Synthesis Source Files Read                                                                                                    ;
+----------------------------------+-----------------+------------------------------+---------------------------------------------+---------+
; File Name with User-Entered Path ; Used in Netlist ; File Type                    ; File Name with Absolute Path                ; Library ;
+----------------------------------+-----------------+------------------------------+---------------------------------------------+---------+
; mammal.sv                        ; yes             ; User SystemVerilog HDL File  ; C:/Users/omerk/Desktop/Final/mammal.sv      ;         ;
; main_module.sv                   ; yes             ; User SystemVerilog HDL File  ; C:/Users/omerk/Desktop/Final/main_module.sv ;         ;
; vga_sync.sv                      ; yes             ; User SystemVerilog HDL File  ; C:/Users/omerk/Desktop/Final/vga_sync.sv    ;         ;
; keyboard.sv                      ; yes             ; User SystemVerilog HDL File  ; C:/Users/omerk/Desktop/Final/keyboard.sv    ;         ;
; ram.dat                          ; yes             ; Auto-Found Unspecified File  ; C:/Users/omerk/Desktop/Final/ram.dat        ;         ;
+----------------------------------+-----------------+------------------------------+---------------------------------------------+---------+


+---------------------------------------------------------+
; Analysis & Synthesis Resource Usage Summary             ;
+---------------------------------------------+-----------+
; Resource                                    ; Usage     ;
+---------------------------------------------+-----------+
; Estimated Total logic elements              ; 8,238     ;
;                                             ;           ;
; Total combinational functions               ; 4791      ;
; Logic element usage by number of LUT inputs ;           ;
;     -- 4 input functions                    ; 3271      ;
;     -- 3 input functions                    ; 580       ;
;     -- <=2 input functions                  ; 940       ;
;                                             ;           ;
; Logic elements by mode                      ;           ;
;     -- normal mode                          ; 4583      ;
;     -- arithmetic mode                      ; 208       ;
;                                             ;           ;
; Total registers                             ; 4382      ;
;     -- Dedicated logic registers            ; 4382      ;
;     -- I/O registers                        ; 0         ;
;                                             ;           ;
; I/O pins                                    ; 9         ;
; Embedded Multiplier 9-bit elements          ; 0         ;
; Maximum fan-out node                        ; clk~input ;
; Maximum fan-out                             ; 4382      ;
; Total fan-out                               ; 29070     ;
; Average fan-out                             ; 3.16      ;
+---------------------------------------------+-----------+


+-----------------------------------------------------------------------------------------------------------------------------------------------------------------------------------+
; Analysis & Synthesis Resource Utilization by Entity                                                                                                                               ;
+----------------------------+-------------------+--------------+-------------+--------------+---------+-----------+------+--------------+---------------------------+--------------+
; Compilation Hierarchy Node ; LC Combinationals ; LC Registers ; Memory Bits ; DSP Elements ; DSP 9x9 ; DSP 18x18 ; Pins ; Virtual Pins ; Full Hierarchy Name       ; Library Name ;
+----------------------------+-------------------+--------------+-------------+--------------+---------+-----------+------+--------------+---------------------------+--------------+
; |main_module               ; 4791 (3932)       ; 4382 (4160)  ; 0           ; 0            ; 0       ; 0         ; 9    ; 0            ; |main_module              ; work         ;
;    |keyboard:kb1|          ; 21 (21)           ; 29 (29)      ; 0           ; 0            ; 0       ; 0         ; 0    ; 0            ; |main_module|keyboard:kb1 ; work         ;
;    |mammal:m1|             ; 603 (603)         ; 171 (171)    ; 0           ; 0            ; 0       ; 0         ; 0    ; 0            ; |main_module|mammal:m1    ; work         ;
;    |vga_sync:vga|          ; 235 (235)         ; 22 (22)      ; 0           ; 0            ; 0       ; 0         ; 0    ; 0            ; |main_module|vga_sync:vga ; work         ;
+----------------------------+-------------------+--------------+-------------+--------------+---------+-----------+------+--------------+---------------------------+--------------+
Note: For table entries with two numbers listed, the numbers in parentheses indicate the number of resources of the given type used by the specific entity alone. The numbers listed outside of parentheses indicate the total resources of the given type used by the specific entity and all of its sub-entities in the hierarchy.


Encoding Type:  One-Hot
+--------------------------------------------------+
; State Machine - |main_module|keyboard:kb1|state  ;
+------------+------------+-----------+------------+
; Name       ; state.IDLE ; state.END ; state.READ ;
+------------+------------+-----------+------------+
; state.IDLE ; 0          ; 0         ; 0          ;
; state.READ ; 1          ; 0         ; 1          ;
; state.END  ; 1          ; 1         ; 0          ;
+------------+------------+-----------+------------+


+----------------------------------------------------------------------------------+
; Registers Removed During Synthesis                                               ;
+-----------------------------------------+----------------------------------------+
; Register name                           ; Reason for Removal                     ;
+-----------------------------------------+----------------------------------------+
; spaceship_bitmap[15][15]                ; Stuck at GND due to stuck port data_in ;
; spaceship_bitmap[15][14]                ; Stuck at GND due to stuck port data_in ;
; spaceship_bitmap[15][13]                ; Stuck at GND due to stuck port data_in ;
; spaceship_bitmap[15][12]                ; Stuck at GND due to stuck port data_in ;
; spaceship_bitmap[15][11]                ; Stuck at GND due to stuck port data_in ;
; spaceship_bitmap[15][10]                ; Stuck at GND due to stuck port data_in ;
; spaceship_bitmap[15][9]                 ; Stuck at GND due to stuck port data_in ;
; spaceship_bitmap[15][5]                 ; Stuck at GND due to stuck port data_in ;
; spaceship_bitmap[15][4]                 ; Stuck at GND due to stuck port data_in ;
; spaceship_bitmap[15][3]                 ; Stuck at GND due to stuck port data_in ;
; spaceship_bitmap[15][2]                 ; Stuck at GND due to stuck port data_in ;
; spaceship_bitmap[15][1]                 ; Stuck at GND due to stuck port data_in ;
; spaceship_bitmap[15][0]                 ; Stuck at GND due to stuck port data_in ;
; spaceship_bitmap[14][15]                ; Stuck at GND due to stuck port data_in ;
; spaceship_bitmap[14][14]                ; Stuck at GND due to stuck port data_in ;
; spaceship_bitmap[14][13]                ; Stuck at GND due to stuck port data_in ;
; spaceship_bitmap[14][12]                ; Stuck at GND due to stuck port data_in ;
; spaceship_bitmap[14][11]                ; Stuck at GND due to stuck port data_in ;
; spaceship_bitmap[14][3]                 ; Stuck at GND due to stuck port data_in ;
; spaceship_bitmap[14][2]                 ; Stuck at GND due to stuck port data_in ;
; spaceship_bitmap[14][1]                 ; Stuck at GND due to stuck port data_in ;
; spaceship_bitmap[14][0]                 ; Stuck at GND due to stuck port data_in ;
; spaceship_bitmap[13][15]                ; Stuck at GND due to stuck port data_in ;
; spaceship_bitmap[13][14]                ; Stuck at GND due to stuck port data_in ;
; spaceship_bitmap[13][13]                ; Stuck at GND due to stuck port data_in ;
; spaceship_bitmap[13][12]                ; Stuck at GND due to stuck port data_in ;
; spaceship_bitmap[13][11]                ; Stuck at GND due to stuck port data_in ;
; spaceship_bitmap[13][10]                ; Stuck at GND due to stuck port data_in ;
; spaceship_bitmap[13][4]                 ; Stuck at GND due to stuck port data_in ;
; spaceship_bitmap[13][3]                 ; Stuck at GND due to stuck port data_in ;
; spaceship_bitmap[13][2]                 ; Stuck at GND due to stuck port data_in ;
; spaceship_bitmap[13][1]                 ; Stuck at GND due to stuck port data_in ;
; spaceship_bitmap[13][0]                 ; Stuck at GND due to stuck port data_in ;
; spaceship_bitmap[12][15]                ; Stuck at GND due to stuck port data_in ;
; spaceship_bitmap[12][14]                ; Stuck at GND due to stuck port data_in ;
; spaceship_bitmap[12][13]                ; Stuck at GND due to stuck port data_in ;
; spaceship_bitmap[12][12]                ; Stuck at GND due to stuck port data_in ;
; spaceship_bitmap[12][11]                ; Stuck at GND due to stuck port data_in ;
; spaceship_bitmap[12][10]                ; Stuck at GND due to stuck port data_in ;
; spaceship_bitmap[12][9]                 ; Stuck at GND due to stuck port data_in ;
; spaceship_bitmap[12][5]                 ; Stuck at GND due to stuck port data_in ;
; spaceship_bitmap[12][4]                 ; Stuck at GND due to stuck port data_in ;
; spaceship_bitmap[12][3]                 ; Stuck at GND due to stuck port data_in ;
; spaceship_bitmap[12][2]                 ; Stuck at GND due to stuck port data_in ;
; spaceship_bitmap[12][1]                 ; Stuck at GND due to stuck port data_in ;
; spaceship_bitmap[12][0]                 ; Stuck at GND due to stuck port data_in ;
; spaceship_bitmap[11][15]                ; Stuck at GND due to stuck port data_in ;
; spaceship_bitmap[11][14]                ; Stuck at GND due to stuck port data_in ;
; spaceship_bitmap[11][13]                ; Stuck at GND due to stuck port data_in ;
; spaceship_bitmap[11][12]                ; Stuck at GND due to stuck port data_in ;
; spaceship_bitmap[11][11]                ; Stuck at GND due to stuck port data_in ;
; spaceship_bitmap[11][10]                ; Stuck at GND due to stuck port data_in ;
; spaceship_bitmap[11][9]                 ; Stuck at GND due to stuck port data_in ;
; spaceship_bitmap[11][5]                 ; Stuck at GND due to stuck port data_in ;
; spaceship_bitmap[11][4]                 ; Stuck at GND due to stuck port data_in ;
; spaceship_bitmap[11][3]                 ; Stuck at GND due to stuck port data_in ;
; spaceship_bitmap[11][2]                 ; Stuck at GND due to stuck port data_in ;
; spaceship_bitmap[11][1]                 ; Stuck at GND due to stuck port data_in ;
; spaceship_bitmap[11][0]                 ; Stuck at GND due to stuck port data_in ;
; spaceship_bitmap[10][15]                ; Stuck at GND due to stuck port data_in ;
; spaceship_bitmap[10][14]                ; Stuck at GND due to stuck port data_in ;
; spaceship_bitmap[10][13]                ; Stuck at GND due to stuck port data_in ;
; spaceship_bitmap[10][12]                ; Stuck at GND due to stuck port data_in ;
; spaceship_bitmap[10][11]                ; Stuck at GND due to stuck port data_in ;
; spaceship_bitmap[10][10]                ; Stuck at GND due to stuck port data_in ;
; spaceship_bitmap[10][9]                 ; Stuck at GND due to stuck port data_in ;
; spaceship_bitmap[10][5]                 ; Stuck at GND due to stuck port data_in ;
; spaceship_bitmap[10][4]                 ; Stuck at GND due to stuck port data_in ;
; spaceship_bitmap[10][3]                 ; Stuck at GND due to stuck port data_in ;
; spaceship_bitmap[10][2]                 ; Stuck at GND due to stuck port data_in ;
; spaceship_bitmap[10][1]                 ; Stuck at GND due to stuck port data_in ;
; spaceship_bitmap[10][0]                 ; Stuck at GND due to stuck port data_in ;
; spaceship_bitmap[9][15]                 ; Stuck at GND due to stuck port data_in ;
; spaceship_bitmap[9][14]                 ; Stuck at GND due to stuck port data_in ;
; spaceship_bitmap[9][13]                 ; Stuck at GND due to stuck port data_in ;
; spaceship_bitmap[9][12]                 ; Stuck at GND due to stuck port data_in ;
; spaceship_bitmap[9][11]                 ; Stuck at GND due to stuck port data_in ;
; spaceship_bitmap[9][10]                 ; Stuck at GND due to stuck port data_in ;
; spaceship_bitmap[9][9]                  ; Stuck at GND due to stuck port data_in ;
; spaceship_bitmap[9][5]                  ; Stuck at GND due to stuck port data_in ;
; spaceship_bitmap[9][4]                  ; Stuck at GND due to stuck port data_in ;
; spaceship_bitmap[9][3]                  ; Stuck at GND due to stuck port data_in ;
; spaceship_bitmap[9][2]                  ; Stuck at GND due to stuck port data_in ;
; spaceship_bitmap[9][1]                  ; Stuck at GND due to stuck port data_in ;
; spaceship_bitmap[9][0]                  ; Stuck at GND due to stuck port data_in ;
; spaceship_bitmap[8][15]                 ; Stuck at GND due to stuck port data_in ;
; spaceship_bitmap[8][14]                 ; Stuck at GND due to stuck port data_in ;
; spaceship_bitmap[8][0]                  ; Stuck at GND due to stuck port data_in ;
; spaceship_bitmap[7][15]                 ; Stuck at GND due to stuck port data_in ;
; spaceship_bitmap[7][14]                 ; Stuck at GND due to stuck port data_in ;
; spaceship_bitmap[7][13]                 ; Stuck at GND due to stuck port data_in ;
; spaceship_bitmap[7][12]                 ; Stuck at GND due to stuck port data_in ;
; spaceship_bitmap[7][2]                  ; Stuck at GND due to stuck port data_in ;
; spaceship_bitmap[7][1]                  ; Stuck at GND due to stuck port data_in ;
; spaceship_bitmap[7][0]                  ; Stuck at GND due to stuck port data_in ;
; spaceship_bitmap[6][15]                 ; Stuck at GND due to stuck port data_in ;
; spaceship_bitmap[6][14]                 ; Stuck at GND due to stuck port data_in ;
; spaceship_bitmap[6][13]                 ; Stuck at GND due to stuck port data_in ;
; spaceship_bitmap[6][12]                 ; Stuck at GND due to stuck port data_in ;
; spaceship_bitmap[6][11]                 ; Stuck at GND due to stuck port data_in ;
; spaceship_bitmap[6][3]                  ; Stuck at GND due to stuck port data_in ;
; spaceship_bitmap[6][2]                  ; Stuck at GND due to stuck port data_in ;
; spaceship_bitmap[6][1]                  ; Stuck at GND due to stuck port data_in ;
; spaceship_bitmap[6][0]                  ; Stuck at GND due to stuck port data_in ;
; spaceship_bitmap[5][15]                 ; Stuck at GND due to stuck port data_in ;
; spaceship_bitmap[5][14]                 ; Stuck at GND due to stuck port data_in ;
; spaceship_bitmap[5][13]                 ; Stuck at GND due to stuck port data_in ;
; spaceship_bitmap[5][12]                 ; Stuck at GND due to stuck port data_in ;
; spaceship_bitmap[5][11]                 ; Stuck at GND due to stuck port data_in ;
; spaceship_bitmap[5][10]                 ; Stuck at GND due to stuck port data_in ;
; spaceship_bitmap[5][4]                  ; Stuck at GND due to stuck port data_in ;
; spaceship_bitmap[5][3]                  ; Stuck at GND due to stuck port data_in ;
; spaceship_bitmap[5][2]                  ; Stuck at GND due to stuck port data_in ;
; spaceship_bitmap[5][1]                  ; Stuck at GND due to stuck port data_in ;
; spaceship_bitmap[5][0]                  ; Stuck at GND due to stuck port data_in ;
; spaceship_bitmap[4][15]                 ; Stuck at GND due to stuck port data_in ;
; spaceship_bitmap[4][14]                 ; Stuck at GND due to stuck port data_in ;
; spaceship_bitmap[4][13]                 ; Stuck at GND due to stuck port data_in ;
; spaceship_bitmap[4][12]                 ; Stuck at GND due to stuck port data_in ;
; spaceship_bitmap[4][11]                 ; Stuck at GND due to stuck port data_in ;
; spaceship_bitmap[4][10]                 ; Stuck at GND due to stuck port data_in ;
; spaceship_bitmap[4][9]                  ; Stuck at GND due to stuck port data_in ;
; spaceship_bitmap[4][5]                  ; Stuck at GND due to stuck port data_in ;
; spaceship_bitmap[4][4]                  ; Stuck at GND due to stuck port data_in ;
; spaceship_bitmap[4][3]                  ; Stuck at GND due to stuck port data_in ;
; spaceship_bitmap[4][2]                  ; Stuck at GND due to stuck port data_in ;
; spaceship_bitmap[4][1]                  ; Stuck at GND due to stuck port data_in ;
; spaceship_bitmap[4][0]                  ; Stuck at GND due to stuck port data_in ;
; spaceship_bitmap[3][15]                 ; Stuck at GND due to stuck port data_in ;
; spaceship_bitmap[3][14]                 ; Stuck at GND due to stuck port data_in ;
; spaceship_bitmap[3][13]                 ; Stuck at GND due to stuck port data_in ;
; spaceship_bitmap[3][12]                 ; Stuck at GND due to stuck port data_in ;
; spaceship_bitmap[3][11]                 ; Stuck at GND due to stuck port data_in ;
; spaceship_bitmap[3][10]                 ; Stuck at GND due to stuck port data_in ;
; spaceship_bitmap[3][9]                  ; Stuck at GND due to stuck port data_in ;
; spaceship_bitmap[3][5]                  ; Stuck at GND due to stuck port data_in ;
; spaceship_bitmap[3][4]                  ; Stuck at GND due to stuck port data_in ;
; spaceship_bitmap[3][3]                  ; Stuck at GND due to stuck port data_in ;
; spaceship_bitmap[3][2]                  ; Stuck at GND due to stuck port data_in ;
; spaceship_bitmap[3][1]                  ; Stuck at GND due to stuck port data_in ;
; spaceship_bitmap[3][0]                  ; Stuck at GND due to stuck port data_in ;
; spaceship_bitmap[2][15]                 ; Stuck at GND due to stuck port data_in ;
; spaceship_bitmap[2][14]                 ; Stuck at GND due to stuck port data_in ;
; spaceship_bitmap[2][13]                 ; Stuck at GND due to stuck port data_in ;
; spaceship_bitmap[2][12]                 ; Stuck at GND due to stuck port data_in ;
; spaceship_bitmap[2][11]                 ; Stuck at GND due to stuck port data_in ;
; spaceship_bitmap[2][10]                 ; Stuck at GND due to stuck port data_in ;
; spaceship_bitmap[2][9]                  ; Stuck at GND due to stuck port data_in ;
; spaceship_bitmap[2][5]                  ; Stuck at GND due to stuck port data_in ;
; spaceship_bitmap[2][4]                  ; Stuck at GND due to stuck port data_in ;
; spaceship_bitmap[2][3]                  ; Stuck at GND due to stuck port data_in ;
; spaceship_bitmap[2][2]                  ; Stuck at GND due to stuck port data_in ;
; spaceship_bitmap[2][1]                  ; Stuck at GND due to stuck port data_in ;
; spaceship_bitmap[2][0]                  ; Stuck at GND due to stuck port data_in ;
; spaceship_bitmap[1][15]                 ; Stuck at GND due to stuck port data_in ;
; spaceship_bitmap[1][14]                 ; Stuck at GND due to stuck port data_in ;
; spaceship_bitmap[1][13]                 ; Stuck at GND due to stuck port data_in ;
; spaceship_bitmap[1][12]                 ; Stuck at GND due to stuck port data_in ;
; spaceship_bitmap[1][11]                 ; Stuck at GND due to stuck port data_in ;
; spaceship_bitmap[1][10]                 ; Stuck at GND due to stuck port data_in ;
; spaceship_bitmap[1][9]                  ; Stuck at GND due to stuck port data_in ;
; spaceship_bitmap[1][5]                  ; Stuck at GND due to stuck port data_in ;
; spaceship_bitmap[1][4]                  ; Stuck at GND due to stuck port data_in ;
; spaceship_bitmap[1][3]                  ; Stuck at GND due to stuck port data_in ;
; spaceship_bitmap[1][2]                  ; Stuck at GND due to stuck port data_in ;
; spaceship_bitmap[1][1]                  ; Stuck at GND due to stuck port data_in ;
; spaceship_bitmap[1][0]                  ; Stuck at GND due to stuck port data_in ;
; spaceship_bitmap[0][15]                 ; Stuck at GND due to stuck port data_in ;
; spaceship_bitmap[0][14]                 ; Stuck at GND due to stuck port data_in ;
; spaceship_bitmap[0][13]                 ; Stuck at GND due to stuck port data_in ;
; spaceship_bitmap[0][12]                 ; Stuck at GND due to stuck port data_in ;
; spaceship_bitmap[0][11]                 ; Stuck at GND due to stuck port data_in ;
; spaceship_bitmap[0][10]                 ; Stuck at GND due to stuck port data_in ;
; spaceship_bitmap[0][9]                  ; Stuck at GND due to stuck port data_in ;
; spaceship_bitmap[0][8]                  ; Stuck at GND due to stuck port data_in ;
; spaceship_bitmap[0][6]                  ; Stuck at GND due to stuck port data_in ;
; spaceship_bitmap[0][5]                  ; Stuck at GND due to stuck port data_in ;
; spaceship_bitmap[0][4]                  ; Stuck at GND due to stuck port data_in ;
; spaceship_bitmap[0][3]                  ; Stuck at GND due to stuck port data_in ;
; spaceship_bitmap[0][2]                  ; Stuck at GND due to stuck port data_in ;
; spaceship_bitmap[0][1]                  ; Stuck at GND due to stuck port data_in ;
; spaceship_bitmap[0][0]                  ; Stuck at GND due to stuck port data_in ;
; spaceship_bitmap[15][7]                 ; Merged with spaceship_bitmap[15][6]    ;
; spaceship_bitmap[15][6]                 ; Merged with spaceship_bitmap[15][8]    ;
; spaceship_bitmap[14][4]                 ; Merged with spaceship_bitmap[14][10]   ;
; spaceship_bitmap[14][10]                ; Merged with spaceship_bitmap[14][9]    ;
; spaceship_bitmap[14][9]                 ; Merged with spaceship_bitmap[14][8]    ;
; spaceship_bitmap[14][8]                 ; Merged with spaceship_bitmap[14][7]    ;
; spaceship_bitmap[14][7]                 ; Merged with spaceship_bitmap[14][6]    ;
; spaceship_bitmap[14][6]                 ; Merged with spaceship_bitmap[14][5]    ;
; spaceship_bitmap[13][9]                 ; Merged with spaceship_bitmap[13][8]    ;
; spaceship_bitmap[13][8]                 ; Merged with spaceship_bitmap[13][7]    ;
; spaceship_bitmap[13][7]                 ; Merged with spaceship_bitmap[13][6]    ;
; spaceship_bitmap[13][6]                 ; Merged with spaceship_bitmap[13][5]    ;
; spaceship_bitmap[12][8]                 ; Merged with spaceship_bitmap[12][7]    ;
; spaceship_bitmap[12][7]                 ; Merged with spaceship_bitmap[12][6]    ;
; spaceship_bitmap[11][8]                 ; Merged with spaceship_bitmap[11][7]    ;
; spaceship_bitmap[11][7]                 ; Merged with spaceship_bitmap[11][6]    ;
; spaceship_bitmap[10][8]                 ; Merged with spaceship_bitmap[10][7]    ;
; spaceship_bitmap[10][7]                 ; Merged with spaceship_bitmap[10][6]    ;
; spaceship_bitmap[9][6]                  ; Merged with spaceship_bitmap[9][8]     ;
; spaceship_bitmap[9][8]                  ; Merged with spaceship_bitmap[9][7]     ;
; spaceship_bitmap[8][7]                  ; Merged with spaceship_bitmap[8][8]     ;
; spaceship_bitmap[8][8]                  ; Merged with spaceship_bitmap[8][9]     ;
; spaceship_bitmap[8][9]                  ; Merged with spaceship_bitmap[8][10]    ;
; spaceship_bitmap[8][10]                 ; Merged with spaceship_bitmap[8][11]    ;
; spaceship_bitmap[8][11]                 ; Merged with spaceship_bitmap[8][13]    ;
; spaceship_bitmap[8][13]                 ; Merged with spaceship_bitmap[8][3]     ;
; spaceship_bitmap[8][3]                  ; Merged with spaceship_bitmap[8][1]     ;
; spaceship_bitmap[8][1]                  ; Merged with spaceship_bitmap[8][2]     ;
; spaceship_bitmap[8][2]                  ; Merged with spaceship_bitmap[8][12]    ;
; spaceship_bitmap[8][12]                 ; Merged with spaceship_bitmap[8][4]     ;
; spaceship_bitmap[8][4]                  ; Merged with spaceship_bitmap[8][5]     ;
; spaceship_bitmap[8][5]                  ; Merged with spaceship_bitmap[8][6]     ;
; spaceship_bitmap[7][9]                  ; Merged with spaceship_bitmap[7][8]     ;
; spaceship_bitmap[7][8]                  ; Merged with spaceship_bitmap[7][7]     ;
; spaceship_bitmap[7][7]                  ; Merged with spaceship_bitmap[7][6]     ;
; spaceship_bitmap[7][6]                  ; Merged with spaceship_bitmap[7][4]     ;
; spaceship_bitmap[7][4]                  ; Merged with spaceship_bitmap[7][3]     ;
; spaceship_bitmap[7][3]                  ; Merged with spaceship_bitmap[7][5]     ;
; spaceship_bitmap[7][5]                  ; Merged with spaceship_bitmap[7][11]    ;
; spaceship_bitmap[7][11]                 ; Merged with spaceship_bitmap[7][10]    ;
; spaceship_bitmap[6][4]                  ; Merged with spaceship_bitmap[6][9]     ;
; spaceship_bitmap[6][9]                  ; Merged with spaceship_bitmap[6][8]     ;
; spaceship_bitmap[6][8]                  ; Merged with spaceship_bitmap[6][7]     ;
; spaceship_bitmap[6][7]                  ; Merged with spaceship_bitmap[6][6]     ;
; spaceship_bitmap[6][6]                  ; Merged with spaceship_bitmap[6][5]     ;
; spaceship_bitmap[6][5]                  ; Merged with spaceship_bitmap[6][10]    ;
; spaceship_bitmap[5][9]                  ; Merged with spaceship_bitmap[5][8]     ;
; spaceship_bitmap[5][8]                  ; Merged with spaceship_bitmap[5][7]     ;
; spaceship_bitmap[5][7]                  ; Merged with spaceship_bitmap[5][6]     ;
; spaceship_bitmap[5][6]                  ; Merged with spaceship_bitmap[5][5]     ;
; spaceship_bitmap[4][8]                  ; Merged with spaceship_bitmap[4][7]     ;
; spaceship_bitmap[4][7]                  ; Merged with spaceship_bitmap[4][6]     ;
; spaceship_bitmap[3][8]                  ; Merged with spaceship_bitmap[3][7]     ;
; spaceship_bitmap[3][7]                  ; Merged with spaceship_bitmap[3][6]     ;
; spaceship_bitmap[2][6]                  ; Merged with spaceship_bitmap[2][7]     ;
; spaceship_bitmap[2][7]                  ; Merged with spaceship_bitmap[2][8]     ;
; spaceship_bitmap[1][6]                  ; Merged with spaceship_bitmap[1][7]     ;
; spaceship_bitmap[1][7]                  ; Merged with spaceship_bitmap[1][8]     ;
; spaceship_bitmap[10][6]                 ; Stuck at VCC due to stuck port data_in ;
; spaceship_bitmap[9][7]                  ; Stuck at VCC due to stuck port data_in ;
; spaceship_bitmap[8][6]                  ; Stuck at VCC due to stuck port data_in ;
; spaceship_bitmap[11][6]                 ; Stuck at VCC due to stuck port data_in ;
; spaceship_bitmap[5][5]                  ; Stuck at VCC due to stuck port data_in ;
; spaceship_bitmap[6][10]                 ; Stuck at VCC due to stuck port data_in ;
; spaceship_bitmap[4][6]                  ; Stuck at VCC due to stuck port data_in ;
; spaceship_bitmap[7][10]                 ; Stuck at VCC due to stuck port data_in ;
; spaceship_bitmap[2][8]                  ; Stuck at VCC due to stuck port data_in ;
; spaceship_bitmap[1][8]                  ; Stuck at VCC due to stuck port data_in ;
; spaceship_bitmap[0][7]                  ; Stuck at VCC due to stuck port data_in ;
; spaceship_bitmap[3][6]                  ; Stuck at VCC due to stuck port data_in ;
; spaceship_bitmap[13][5]                 ; Stuck at VCC due to stuck port data_in ;
; spaceship_bitmap[14][5]                 ; Stuck at VCC due to stuck port data_in ;
; spaceship_bitmap[12][6]                 ; Stuck at VCC due to stuck port data_in ;
; spaceship_bitmap[15][8]                 ; Stuck at VCC due to stuck port data_in ;
; Total Number of Removed Registers = 256 ;                                        ;
+-----------------------------------------+----------------------------------------+


+------------------------------------------------------+
; General Register Statistics                          ;
+----------------------------------------------+-------+
; Statistic                                    ; Value ;
+----------------------------------------------+-------+
; Total registers                              ; 4382  ;
; Number of registers using Synchronous Clear  ; 0     ;
; Number of registers using Synchronous Load   ; 30    ;
; Number of registers using Asynchronous Clear ; 0     ;
; Number of registers using Asynchronous Load  ; 0     ;
; Number of registers using Clock Enable       ; 4357  ;
; Number of registers using Preset             ; 0     ;
+----------------------------------------------+-------+


+-----------------------------------------------------------------------------------------------------------------------------------------------------+
; Multiplexer Restructuring Statistics (Restructuring Performed)                                                                                      ;
+--------------------+-----------+---------------+----------------------+------------------------+------------+---------------------------------------+
; Multiplexer Inputs ; Bus Width ; Baseline Area ; Area if Restructured ; Saving if Restructured ; Registered ; Example Multiplexer Output            ;
+--------------------+-----------+---------------+----------------------+------------------------+------------+---------------------------------------+
; 5:1                ; 10 bits   ; 30 LEs        ; 0 LEs                ; 30 LEs                 ; Yes        ; |main_module|keyboard:kb1|char[2]     ;
; 6:1                ; 4 bits    ; 16 LEs        ; 4 LEs                ; 12 LEs                 ; Yes        ; |main_module|keyboard:kb1|count[3]    ;
; 33:1               ; 2 bits    ; 44 LEs        ; 22 LEs               ; 22 LEs                 ; Yes        ; |main_module|mammal:m1|state[1]       ;
; 32:1               ; 16 bits   ; 336 LEs       ; 16 LEs               ; 320 LEs                ; Yes        ; |main_module|mammal:m1|regbank[6][7]  ;
; 32:1               ; 16 bits   ; 336 LEs       ; 16 LEs               ; 320 LEs                ; Yes        ; |main_module|mammal:m1|regbank[5][15] ;
; 32:1               ; 16 bits   ; 336 LEs       ; 16 LEs               ; 320 LEs                ; Yes        ; |main_module|mammal:m1|regbank[4][1]  ;
; 32:1               ; 16 bits   ; 336 LEs       ; 16 LEs               ; 320 LEs                ; Yes        ; |main_module|mammal:m1|regbank[3][5]  ;
; 32:1               ; 16 bits   ; 336 LEs       ; 16 LEs               ; 320 LEs                ; Yes        ; |main_module|mammal:m1|regbank[2][13] ;
; 32:1               ; 16 bits   ; 336 LEs       ; 16 LEs               ; 320 LEs                ; Yes        ; |main_module|mammal:m1|regbank[1][10] ;
; 32:1               ; 16 bits   ; 336 LEs       ; 16 LEs               ; 320 LEs                ; Yes        ; |main_module|mammal:m1|regbank[0][15] ;
; 15:1               ; 12 bits   ; 120 LEs       ; 24 LEs               ; 96 LEs                 ; Yes        ; |main_module|mammal:m1|pc[2]          ;
; 16:1               ; 4 bits    ; 40 LEs        ; 8 LEs                ; 32 LEs                 ; Yes        ; |main_module|mammal:m1|regbank[7][13] ;
; 15:1               ; 12 bits   ; 120 LEs       ; 24 LEs               ; 96 LEs                 ; Yes        ; |main_module|mammal:m1|regbank[7][2]  ;
; 3:1                ; 2 bits    ; 4 LEs         ; 2 LEs                ; 2 LEs                  ; No         ; |main_module|keyboard:kb1|state       ;
; 8:1                ; 16 bits   ; 80 LEs        ; 80 LEs               ; 0 LEs                  ; No         ; |main_module|mammal:m1|Mux35          ;
; 8:1                ; 16 bits   ; 80 LEs        ; 80 LEs               ; 0 LEs                  ; No         ; |main_module|mammal:m1|Mux25          ;
; 4:1                ; 12 bits   ; 24 LEs        ; 24 LEs               ; 0 LEs                  ; No         ; |main_module|mammal:m1|Add5           ;
; 4:1                ; 4 bits    ; 8 LEs         ; 8 LEs                ; 0 LEs                  ; No         ; |main_module|mammal:m1|Add5           ;
; 18:1               ; 11 bits   ; 132 LEs       ; 22 LEs               ; 110 LEs                ; No         ; |main_module|mammal:m1|Selector148    ;
; 3:1                ; 12 bits   ; 24 LEs        ; 12 LEs               ; 12 LEs                 ; No         ; |main_module|mammal:m1|Add5           ;
; 3:1                ; 4 bits    ; 8 LEs         ; 4 LEs                ; 4 LEs                  ; No         ; |main_module|mammal:m1|Add5           ;
; 14:1               ; 7 bits    ; 63 LEs        ; 28 LEs               ; 35 LEs                 ; No         ; |main_module|mammal:m1|Mux81          ;
; 15:1               ; 4 bits    ; 40 LEs        ; 20 LEs               ; 20 LEs                 ; No         ; |main_module|mammal:m1|Mux75          ;
; 11:1               ; 12 bits   ; 84 LEs        ; 24 LEs               ; 60 LEs                 ; No         ; |main_module|mammal:m1|Selector131    ;
; 16:1               ; 2 bits    ; 20 LEs        ; 12 LEs               ; 8 LEs                  ; No         ; |main_module|mammal:m1|Mux72          ;
; 17:1               ; 2 bits    ; 22 LEs        ; 12 LEs               ; 10 LEs                 ; No         ; |main_module|mammal:m1|Mux69          ;
; 25:1               ; 8 bits    ; 128 LEs       ; 120 LEs              ; 8 LEs                  ; No         ; |main_module|data_in[10]              ;
; 25:1               ; 5 bits    ; 80 LEs        ; 75 LEs               ; 5 LEs                  ; No         ; |main_module|data_in[3]               ;
; 25:1               ; 2 bits    ; 32 LEs        ; 30 LEs               ; 2 LEs                  ; No         ; |main_module|data_in[2]               ;
; 4:1                ; 4 bits    ; 8 LEs         ; 0 LEs                ; 8 LEs                  ; No         ; |main_module|mammal:m1|Add4           ;
; 4:1                ; 12 bits   ; 24 LEs        ; 0 LEs                ; 24 LEs                 ; No         ; |main_module|mammal:m1|Add4           ;
+--------------------+-----------+---------------+----------------------+------------------------+------------+---------------------------------------+


+-------------------------------------------------------------+
; Port Connectivity Checks: "vga_sync:vga"                    ;
+---------------------------+-------+----------+--------------+
; Port                      ; Type  ; Severity ; Details      ;
+---------------------------+-------+----------+--------------+
; planet_bitmap[7..9]       ; Input ; Info     ; Stuck at VCC ;
; planet_bitmap[0]          ; Input ; Info     ; Stuck at GND ;
; planet_bitmap[1][8..4]    ; Input ; Info     ; Stuck at VCC ;
; planet_bitmap[1][15..9]   ; Input ; Info     ; Stuck at GND ;
; planet_bitmap[1][3..0]    ; Input ; Info     ; Stuck at GND ;
; planet_bitmap[2][11..3]   ; Input ; Info     ; Stuck at VCC ;
; planet_bitmap[2][15..12]  ; Input ; Info     ; Stuck at GND ;
; planet_bitmap[2][2..0]    ; Input ; Info     ; Stuck at GND ;
; planet_bitmap[3][12..2]   ; Input ; Info     ; Stuck at VCC ;
; planet_bitmap[3][15..13]  ; Input ; Info     ; Stuck at GND ;
; planet_bitmap[3][1..0]    ; Input ; Info     ; Stuck at GND ;
; planet_bitmap[4][13..1]   ; Input ; Info     ; Stuck at VCC ;
; planet_bitmap[4][15..14]  ; Input ; Info     ; Stuck at GND ;
; planet_bitmap[4][0]       ; Input ; Info     ; Stuck at GND ;
; planet_bitmap[5][13..1]   ; Input ; Info     ; Stuck at VCC ;
; planet_bitmap[5][15..14]  ; Input ; Info     ; Stuck at GND ;
; planet_bitmap[5][0]       ; Input ; Info     ; Stuck at GND ;
; planet_bitmap[6][13..1]   ; Input ; Info     ; Stuck at VCC ;
; planet_bitmap[6][15..14]  ; Input ; Info     ; Stuck at GND ;
; planet_bitmap[6][0]       ; Input ; Info     ; Stuck at GND ;
; planet_bitmap[10][13..1]  ; Input ; Info     ; Stuck at VCC ;
; planet_bitmap[10][15..14] ; Input ; Info     ; Stuck at GND ;
; planet_bitmap[10][0]      ; Input ; Info     ; Stuck at GND ;
; planet_bitmap[11][13..1]  ; Input ; Info     ; Stuck at VCC ;
; planet_bitmap[11][15..14] ; Input ; Info     ; Stuck at GND ;
; planet_bitmap[11][0]      ; Input ; Info     ; Stuck at GND ;
; planet_bitmap[12][12..2]  ; Input ; Info     ; Stuck at VCC ;
; planet_bitmap[12][15..13] ; Input ; Info     ; Stuck at GND ;
; planet_bitmap[12][1..0]   ; Input ; Info     ; Stuck at GND ;
; planet_bitmap[13][11..3]  ; Input ; Info     ; Stuck at VCC ;
; planet_bitmap[13][15..12] ; Input ; Info     ; Stuck at GND ;
; planet_bitmap[13][2..0]   ; Input ; Info     ; Stuck at GND ;
; planet_bitmap[14][8..4]   ; Input ; Info     ; Stuck at VCC ;
; planet_bitmap[14][15..9]  ; Input ; Info     ; Stuck at GND ;
; planet_bitmap[14][3..0]   ; Input ; Info     ; Stuck at GND ;
; planet_bitmap[15]         ; Input ; Info     ; Stuck at GND ;
+---------------------------+-------+----------+--------------+


+-------------------------------+
; Elapsed Time Per Partition    ;
+----------------+--------------+
; Partition Name ; Elapsed Time ;
+----------------+--------------+
; Top            ; 00:00:10     ;
+----------------+--------------+


+-------------------------------+
; Analysis & Synthesis Messages ;
+-------------------------------+
Info: *******************************************************************
Info: Running Quartus II 64-Bit Analysis & Synthesis
    Info: Version 13.1.0 Build 162 10/23/2013 SJ Web Edition
    Info: Processing started: Sat Jan 20 13:42:33 2024
Info: Command: quartus_map --read_settings_files=on --write_settings_files=off MicroprocessorProject -c MicroprocessorProject
Warning (20028): Parallel compilation is not licensed and has been disabled
Info (12021): Found 1 design units, including 1 entities, in source file mammal.sv
    Info (12023): Found entity 1: mammal
Info (12021): Found 1 design units, including 1 entities, in source file main_module.sv
    Info (12023): Found entity 1: main_module
Info (12021): Found 1 design units, including 1 entities, in source file vga_sync.sv
    Info (12023): Found entity 1: vga_sync
Warning (12019): Can't analyze file -- file sevensegment.sv is missing
Info (12021): Found 1 design units, including 1 entities, in source file keyboard.sv
    Info (12023): Found entity 1: keyboard
Info (12127): Elaborating entity "main_module" for the top level hierarchy
Warning (10850): Verilog HDL warning at main_module.sv(221): number of words (195) in memory file does not match the number of elements in the address range [0:255]
Info (12128): Elaborating entity "vga_sync" for hierarchy "vga_sync:vga"
Warning (10230): Verilog HDL assignment warning at vga_sync.sv(41): truncated value with size 32 to match size of target (10)
Warning (10230): Verilog HDL assignment warning at vga_sync.sv(44): truncated value with size 32 to match size of target (10)
Info (12128): Elaborating entity "keyboard" for hierarchy "keyboard:kb1"
Warning (10230): Verilog HDL assignment warning at keyboard.sv(54): truncated value with size 32 to match size of target (4)
Info (12128): Elaborating entity "mammal" for hierarchy "mammal:m1"
Warning (10230): Verilog HDL assignment warning at mammal.sv(53): truncated value with size 32 to match size of target (12)
Warning (10230): Verilog HDL assignment warning at mammal.sv(58): truncated value with size 32 to match size of target (12)
Warning (10230): Verilog HDL assignment warning at mammal.sv(98): truncated value with size 32 to match size of target (16)
Warning (10230): Verilog HDL assignment warning at mammal.sv(106): truncated value with size 32 to match size of target (16)
Warning (10230): Verilog HDL assignment warning at mammal.sv(119): truncated value with size 32 to match size of target (16)
Warning (10230): Verilog HDL assignment warning at mammal.sv(128): truncated value with size 32 to match size of target (16)
Warning (10230): Verilog HDL assignment warning at mammal.sv(141): truncated value with size 32 to match size of target (16)
Warning (10230): Verilog HDL assignment warning at mammal.sv(147): truncated value with size 32 to match size of target (16)
Warning (10230): Verilog HDL assignment warning at mammal.sv(158): truncated value with size 32 to match size of target (16)
Warning (10230): Verilog HDL assignment warning at mammal.sv(163): truncated value with size 32 to match size of target (16)
Warning (10230): Verilog HDL assignment warning at mammal.sv(169): truncated value with size 16 to match size of target (12)
Warning (10230): Verilog HDL assignment warning at mammal.sv(238): truncated value with size 32 to match size of target (16)
Warning (10230): Verilog HDL assignment warning at mammal.sv(239): truncated value with size 32 to match size of target (16)
Info (276014): Found 1 instances of uninferred RAM logic
    Info (276007): RAM logic "memory" is uninferred due to asynchronous read logic
Warning (127007): Memory Initialization File or Hexadecimal (Intel-Format) File "C:/Users/omerk/Desktop/Final/db/MicroprocessorProject.ram0_main_module_7115dfaa.hdl.mif" contains "don't care" values -- overwriting them with 0s
Warning (13024): Output pins are stuck at VCC or GND
    Warning (13410): Pin "rgb[2]" is stuck at GND
Info (286030): Timing-Driven Synthesis is running
Info (144001): Generated suppressed messages file C:/Users/omerk/Desktop/Final/output_files/MicroprocessorProject.map.smsg
Info (16010): Generating hard_block partition "hard_block:auto_generated_inst"
    Info (16011): Adding 0 node(s), including 0 DDIO, 0 PLL, 0 transceiver and 0 LCELL
Warning (21074): Design contains 1 input pin(s) that do not drive logic
    Warning (15610): No output dependent on input pin "pushbutton"
Info (21057): Implemented 8291 device resources after synthesis - the final resource count might be different
    Info (21058): Implemented 4 input pins
    Info (21059): Implemented 5 output pins
    Info (21061): Implemented 8282 logic cells
Info: Quartus II 64-Bit Analysis & Synthesis was successful. 0 errors, 24 warnings
    Info: Peak virtual memory: 4661 megabytes
    Info: Processing ended: Sat Jan 20 13:42:46 2024
    Info: Elapsed time: 00:00:13
    Info: Total CPU time (on all processors): 00:00:09


+------------------------------------------+
; Analysis & Synthesis Suppressed Messages ;
+------------------------------------------+
The suppressed messages can be found in C:/Users/omerk/Desktop/Final/output_files/MicroprocessorProject.map.smsg.


