Flow report for MicroprocessorProject
Sat Jan 20 13:43:58 2024
Quartus II 64-Bit Version 13.1.0 Build 162 10/23/2013 SJ Web Edition


---------------------
; Table of Contents ;
---------------------
  1. Legal Notice
  2. Flow Summary
  3. Flow Settings
  4. Flow Non-Default Global Settings
  5. Flow Elapsed Time
  6. Flow OS Summary
  7. Flow Log
  8. Flow Messages
  9. Flow Suppressed Messages



----------------
; Legal Notice ;
----------------
Copyright (C) 1991-2013 Altera Corporation
Your use of Altera Corporation's design tools, logic functions 
and other software and tools, and its AMPP partner logic 
functions, and any output files from any of the foregoing 
(including device programming or simulation files), and any 
associated documentation or information are expressly subject 
to the terms and conditions of the Altera Program License 
Subscription Agreement, Altera MegaCore Function License 
Agreement, or other applicable license agreement, including, 
without limitation, that your use is for the sole purpose of 
programming logic devices manufactured by Altera and sold by 
Altera or its authorized distributors.  Please refer to the 
applicable agreement for further details.



+---------------------------------------------------------------------------------+
; Flow Summary                                                                    ;
+------------------------------------+--------------------------------------------+
; Flow Status                        ; Successful - Sat Jan 20 13:43:58 2024      ;
; Quartus II 64-Bit Version          ; 13.1.0 Build 162 10/23/2013 SJ Web Edition ;
; Revision Name                      ; MicroprocessorProject                      ;
; Top-level Entity Name              ; main_module                                ;
; Family                             ; Cyclone IV E                               ;
; Device                             ; EP4CE22F17C6                               ;
; Timing Models                      ; Final                                      ;
; Total logic elements               ; 6,266 / 22,320 ( 28 % )                    ;
;     Total combinational functions  ; 4,791 / 22,320 ( 21 % )                    ;
;     Dedicated logic registers      ; 4,382 / 22,320 ( 20 % )                    ;
; Total registers                    ; 4382                                       ;
; Total pins                         ; 9 / 154 ( 6 % )                            ;
; Total virtual pins                 ; 0                                          ;
; Total memory bits                  ; 0 / 608,256 ( 0 % )                        ;
; Embedded Multiplier 9-bit elements ; 0 / 132 ( 0 % )                            ;
; Total PLLs                         ; 0 / 4 ( 0 % )                              ;
+------------------------------------+--------------------------------------------+


+-------------------------------------------+
; Flow Settings                             ;
+-------------------+-----------------------+
; Option            ; Setting               ;
+-------------------+-----------------------+
; Start date & time ; 01/20/2024 13:42:33   ;
; Main task         ; Compilation           ;
; Revision Name     ; MicroprocessorProject ;
+-------------------+-----------------------+


+------------------------------------------------------------------------------------------------------------------------------------+
; Flow Non-Default Global Settings                                                                                                   ;
+-------------------------------------+---------------------------------------+-----------------------+-------------+----------------+
; Assignment Name                     ; Value                                 ; Default Value         ; Entity Name ; Section Id     ;
+-------------------------------------+---------------------------------------+-----------------------+-------------+----------------+
; COMPILER_SIGNATURE_ID               ; 247207017751928.170574735314904       ; --                    ; --          ; --             ;
; EDA_OUTPUT_DATA_FORMAT              ; Systemverilog Hdl                     ; --                    ; --          ; eda_simulation ;
; EDA_SIMULATION_TOOL                 ; ModelSim-Altera (SystemVerilog)       ; <None>                ; --          ; --             ;
; MAX_CORE_JUNCTION_TEMP              ; 85                                    ; --                    ; --          ; --             ;
; MIN_CORE_JUNCTION_TEMP              ; 0                                     ; --                    ; --          ; --             ;
; NOMINAL_CORE_SUPPLY_VOLTAGE         ; 1.2V                                  ; --                    ; --          ; --             ;
; PARTITION_COLOR                     ; 16764057                              ; --                    ; main_module ; Top            ;
; PARTITION_FITTER_PRESERVATION_LEVEL ; PLACEMENT_AND_ROUTING                 ; --                    ; main_module ; Top            ;
; PARTITION_NETLIST_TYPE              ; SOURCE                                ; --                    ; main_module ; Top            ;
; POWER_BOARD_THERMAL_MODEL           ; None (CONSERVATIVE)                   ; --                    ; --          ; --             ;
; POWER_PRESET_COOLING_SOLUTION       ; 23 MM HEAT SINK WITH 200 LFPM AIRFLOW ; --                    ; --          ; --             ;
; PROJECT_OUTPUT_DIRECTORY            ; output_files                          ; --                    ; --          ; --             ;
; TOP_LEVEL_ENTITY                    ; main_module                           ; MicroprocessorProject ; --          ; --             ;
+-------------------------------------+---------------------------------------+-----------------------+-------------+----------------+


+-------------------------------------------------------------------------------------------------------------------------------+
; Flow Elapsed Time                                                                                                             ;
+---------------------------+--------------+-------------------------+---------------------+------------------------------------+
; Module Name               ; Elapsed Time ; Average Processors Used ; Peak Virtual Memory ; Total CPU Time (on all processors) ;
+---------------------------+--------------+-------------------------+---------------------+------------------------------------+
; Analysis & Synthesis      ; 00:00:12     ; 1.0                     ; 4650 MB             ; 00:00:09                           ;
; Fitter                    ; 00:00:55     ; 1.0                     ; 5075 MB             ; 00:00:42                           ;
; Assembler                 ; 00:00:02     ; 1.0                     ; 4602 MB             ; 00:00:01                           ;
; TimeQuest Timing Analyzer ; 00:00:04     ; 1.0                     ; 4733 MB             ; 00:00:03                           ;
; EDA Netlist Writer        ; 00:00:05     ; 1.0                     ; 4595 MB             ; 00:00:04                           ;
; Total                     ; 00:01:18     ; --                      ; --                  ; 00:00:59                           ;
+---------------------------+--------------+-------------------------+---------------------+------------------------------------+


+----------------------------------------------------------------------------------------+
; Flow OS Summary                                                                        ;
+---------------------------+------------------+-----------+------------+----------------+
; Module Name               ; Machine Hostname ; OS Name   ; OS Version ; Processor type ;
+---------------------------+------------------+-----------+------------+----------------+
; Analysis & Synthesis      ; Omer             ; Windows 7 ; 6.2        ; x86_64         ;
; Fitter                    ; Omer             ; Windows 7 ; 6.2        ; x86_64         ;
; Assembler                 ; Omer             ; Windows 7 ; 6.2        ; x86_64         ;
; TimeQuest Timing Analyzer ; Omer             ; Windows 7 ; 6.2        ; x86_64         ;
; EDA Netlist Writer        ; Omer             ; Windows 7 ; 6.2        ; x86_64         ;
+---------------------------+------------------+-----------+------------+----------------+


------------
; Flow Log ;
------------
quartus_map --read_settings_files=on --write_settings_files=off MicroprocessorProject -c MicroprocessorProject
quartus_fit --read_settings_files=off --write_settings_files=off MicroprocessorProject -c MicroprocessorProject
quartus_asm --read_settings_files=off --write_settings_files=off MicroprocessorProject -c MicroprocessorProject
quartus_sta MicroprocessorProject -c MicroprocessorProject
quartus_eda --read_settings_files=off --write_settings_files=off MicroprocessorProject -c MicroprocessorProject



